Fri Jan 08 10:40:55 2016				Page     1


 
Update Symbols/Modules Logfile
	Fri Jan 08 10:40:55 2016

------ Module Refresh Messages ------

SUMMARY:    Updated 0 out of 0 modules

------ End Module Messages     ------



(---------------------------------------------------------------------)
(                                                                     )
(    Refresh Symbol                                                   )
(                                                                     )
(    Drawing          : CUITBIKE_V1.1_MSP430.brd                      )
(    Software Version : 16.6-2015S060                                 )
(    Date/Time        : Fri Jan 08 10:41:02 2016                      )
(                                                                     )
(---------------------------------------------------------------------)


Fri Jan 08 10:41:02 2016				Page     1


------ Symbol Refresh Directives ------

Input design  = 'F:/迅雷下载/39_CUITBIKE/v1.1/PCB_MSP430/CUITBIKE_V1.1_MSP430.brd'
Output design = ''

Update mechanical symbols              = 'NO'
Update format symbols                  = 'NO'
Update package symbols                 = 'NO'
Update shape/flash symbols             = 'NO'
Update symbol padstacks                = 'NO'
Preserve padstacks replaced on pins    = 'NO'
Reset symbol text and size locations   = 'NO'
Reset Pin Escapes (fanouts)            = 'NO'
Ripup Etch                             = 'NO'
Reset custom drill data                = 'NO'
Symbol list file                       = 'C:/Users/HUIYUA~1/AppData/Local/Temp/#Taaaaaq05436.tmp'


------ Library Paths ------
PSMPATH =  E:/CadenceLib/System_Footprint/sys_pcb/ 
           E:/CadenceLib/allegro/ 
           E:/CadenceLib/pad/ 
           . 
           symbols 
           .. 
           ../symbols 
           D:/Cadence/SPB_16.6/share/local/pcb/symbols 
           D:/Cadence/SPB_16.6/share/pcb/pcb_lib/symbols 
           D:/Cadence/SPB_16.6/share/pcb/allegrolib/symbols 
           G:/HUIYUAN COMMUNICATION/06微气象/wind(PCB已完成)/LIBRARY/ 
           E:/CadenceLib/LibraryBuilder/package/ 
           G:/HUIYUAN COMMUNICATION/02弧垂/CADENCE_PROJECT/Library/ 

PADPATH =  . 
           symbols 
           .. 
           ../symbols 
           D:/Cadence/SPB_16.6/share/local/pcb/padstacks 
           D:/Cadence/SPB_16.6/share/pcb/pcb_lib/symbols 
           D:/Cadence/SPB_16.6/share/pcb/allegrolib/symbols 
           E:/CadenceLib/System_Footprint/sys_pad/ 
           E:/CadenceLib/pad/ 
           G:/HUIYUAN COMMUNICATION/02弧垂/CADENCE_PROJECT/Library/ 
           C:/Users/HUIYUANLZJ/Desktop/wind(PCB已完成)/LIBRARY/ 


------ Symbol Refresh Messages ------

'SO-8-208'  symbol refreshed successfully.


----- Symbol Update Summary ----

Updated symbols: 1 out 1
    Design updated.

