(---------------------------------------------------------------------)
(                                                                     )
(    Allegro Netrev Import Logic                                      )
(                                                                     )
(    Drawing          : F5529_CUITBIKE_V1.1.brd                       )
(    Software Version : 16.6S050                                      )
(    Date/Time        : Sat Aug 08 16:32:16 2015                      )
(                                                                     )
(---------------------------------------------------------------------)


------ Directives ------------

Ripup etch:                  Yes
Ripup delete first segment:  No
Ripup retain bondwire:       No
Ripup symbols:               Always
Missing symbol has error:    No
DRC update:                  Yes
Schematic directory:         'E:/MakingProduct/39_CUITBIKE/v1.1/SCH/ALLEGRO'
Design Directory:            '.'
Old design name:             'E:/MakingProduct/39_CUITBIKE/v1.1/PCB/F5529_CUITBIKE_V1.1.brd'
New design name:             'E:/MakingProduct/39_CUITBIKE/v1.1/PCB/F5529_CUITBIKE_V1.1.brd'

CmdLine: netrev -$ -i E:/MakingProduct/39_CUITBIKE/v1.1/SCH/ALLEGRO -x -y 1 -z -q netrev_constraint_report.xml E:/MakingProduct/39_CUITBIKE/v1.1/PCB/#Taaaabu20272.tmp

------ Preparing to read pst files ------

Starting to read E:/MakingProduct/39_CUITBIKE/v1.1/SCH/ALLEGRO/pstchip.dat 
   Finished reading E:/MakingProduct/39_CUITBIKE/v1.1/SCH/ALLEGRO/pstchip.dat (00:00:00.03)
Starting to read E:/MakingProduct/39_CUITBIKE/v1.1/SCH/ALLEGRO/pstxprt.dat 
   Finished reading E:/MakingProduct/39_CUITBIKE/v1.1/SCH/ALLEGRO/pstxprt.dat (00:00:00.00)
Starting to read E:/MakingProduct/39_CUITBIKE/v1.1/SCH/ALLEGRO/pstxnet.dat 
   Finished reading E:/MakingProduct/39_CUITBIKE/v1.1/SCH/ALLEGRO/pstxnet.dat (00:00:00.00)

------ Oversights/Warnings/Errors ------


------ Library Paths ------
MODULEPATH =  . 
           D:/Cadence/SPB_16.6/share/local/pcb/modules 

PSMPATH =  . 
           symbols 
           .. 
           ../symbols 
           D:/Cadence/SPB_16.6/share/local/pcb/symbols 
           D:/Cadence/SPB_16.6/share/pcb/pcb_lib/symbols 
           D:/Cadence/SPB_16.6/share/pcb/allegrolib/symbols 
           H:/CadenceLib/allegro/ 
           H:/CadenceLib/xxxlzjxxx/Packages/Packages/ 
           Z:/HUIYUAN COMMUNICATION/06微气象/WIND(PCB已完成)/LIBRARY/ 

PADPATH =  . 
           symbols 
           .. 
           ../symbols 
           D:/Cadence/SPB_16.6/share/local/pcb/padstacks 
           D:/Cadence/SPB_16.6/share/pcb/pcb_lib/symbols 
           D:/Cadence/SPB_16.6/share/pcb/allegrolib/symbols 
           H:/CadenceLib/pad/ 
           D:/Cadence/SPB_16.6/share/pcb/pcb_lib/symbols/ 
           Z:/HUIYUAN COMMUNICATION/06微气象/wind(PCB已完成)/LIBRARY/ 


------ Summary Statistics ------


netrev run on Aug 8 16:32:16 2015
   DESIGN NAME : 'CUITBIKE_V1_1'
   PACKAGING ON Oct 15 2014 05:53:32

   COMPILE 'logic'
   CHECK_PIN_NAMES OFF
   CROSS_REFERENCE OFF
   FEEDBACK OFF
   INCREMENTAL OFF
   INTERFACE_TYPE PHYSICAL
   MAX_ERRORS 500
   MERGE_MINIMUM 5
   NET_NAME_CHARS '#%&()*+-./:=>?@[]^_`|'
   NET_NAME_LENGTH 24
   OVERSIGHTS ON
   REPLACE_CHECK OFF
   SINGLE_NODE_NETS ON
   SPLIT_MINIMUM 0
   SUPPRESS   20
   WARNINGS ON

 No error detected
 No oversight detected
 No warning detected

cpu time      0:01:23
elapsed time  0:00:01

