Fri Jun 26 13:35:17 2015				Page     1


 
Update Symbols/Modules Logfile
	Fri Jun 26 13:35:17 2015

------ Module Refresh Messages ------

SUMMARY:    Updated 0 out of 0 modules

------ End Module Messages     ------



(---------------------------------------------------------------------)
(                                                                     )
(    Refresh Symbol                                                   )
(                                                                     )
(    Drawing          : F5529_CUITBIKE_V1.1.brd                       )
(    Software Version : 16.6S050                                      )
(    Date/Time        : Fri Jun 26 13:35:18 2015                      )
(                                                                     )
(---------------------------------------------------------------------)


Fri Jun 26 13:35:18 2015				Page     1


------ Symbol Refresh Directives ------

Input design  = 'E:/MakingProduct/39_CUITBIKE/v1.1/PCB/F5529_CUITBIKE_V1.1.brd'
Output design = ''

Update mechanical symbols              = 'NO'
Update format symbols                  = 'NO'
Update package symbols                 = 'NO'
Update shape/flash symbols             = 'NO'
Update symbol padstacks                = 'NO'
Preserve padstacks replaced on pins    = 'NO'
Reset symbol text and size locations   = 'NO'
Reset Pin Escapes (fanouts)            = 'NO'
Ripup Etch                             = 'NO'
Reset custom drill data                = 'NO'
Symbol list file                       = 'C:/Users/XXXLZJ~1/AppData/Local/Temp/#Taaaaaq12452.tmp'


------ Library Paths ------
PSMPATH =  . 
           symbols 
           .. 
           ../symbols 
           D:/Cadence/SPB_16.6/share/local/pcb/symbols 
           D:/Cadence/SPB_16.6/share/pcb/pcb_lib/symbols 
           D:/Cadence/SPB_16.6/share/pcb/allegrolib/symbols 
           H:/CadenceLib/allegro/ 
           H:/CadenceLib/xxxlzjxxx/Packages/Packages/ 
           Z:/HUIYUAN COMMUNICATION/06微气象/WIND(PCB已完成)/LIBRARY/ 

PADPATH =  . 
           symbols 
           .. 
           ../symbols 
           D:/Cadence/SPB_16.6/share/local/pcb/padstacks 
           D:/Cadence/SPB_16.6/share/pcb/pcb_lib/symbols 
           D:/Cadence/SPB_16.6/share/pcb/allegrolib/symbols 
           H:/CadenceLib/pad/ 
           D:/Cadence/SPB_16.6/share/pcb/pcb_lib/symbols/ 
           Z:/HUIYUAN COMMUNICATION/06微气象/wind(PCB已完成)/LIBRARY/ 


------ Symbol Refresh Messages ------

'JLX12864G-086'  symbol refreshed successfully.


----- Symbol Update Summary ----

Updated symbols: 1 out 1
    Design updated.

