(---------------------------------------------------------------------)
(                                                                     )
(    Allegro Netrev Import Logic                                      )
(                                                                     )
(    Drawing          : CUITBIKE_V1.1_MSP430.brd                      )
(    Software Version : 16.6-2015S071                                 )
(    Date/Time        : Thu Nov 17 20:07:51 2016                      )
(                                                                     )
(---------------------------------------------------------------------)


------ Directives ------------

Ripup etch:                  Yes
Ripup delete first segment:  No
Ripup retain bondwire:       No
Ripup symbols:               Always
Missing symbol has error:    No
DRC update:                  Yes
Schematic directory:         'E:/GitHub/39_CUITBIKE/v1.2/SCH/ALLEGRO'
Design Directory:            'E:/GitHub/39_CUITBIKE/v1.2/PCB'
Old design name:             'E:/GitHub/39_CUITBIKE/v1.2/PCB/CUITBIKE_V1.1_MSP430.brd'
New design name:             'E:/GitHub/39_CUITBIKE/v1.2/PCB/CUITBIKE_V1.1_MSP430.brd'

CmdLine: netrev -$ -i E:/GitHub/39_CUITBIKE/v1.2/SCH/ALLEGRO -x -y 1 -z -q netrev_constraint_report.xml E:/GitHub/39_CUITBIKE/v1.2/PCB/#Taaaabf06324.tmp

------ Preparing to read pst files ------

Starting to read E:/GitHub/39_CUITBIKE/v1.2/SCH/ALLEGRO/pstchip.dat 
   Finished reading E:/GitHub/39_CUITBIKE/v1.2/SCH/ALLEGRO/pstchip.dat (00:00:00.03)
Starting to read E:/GitHub/39_CUITBIKE/v1.2/SCH/ALLEGRO/pstxprt.dat 
   Finished reading E:/GitHub/39_CUITBIKE/v1.2/SCH/ALLEGRO/pstxprt.dat (00:00:00.00)
Starting to read E:/GitHub/39_CUITBIKE/v1.2/SCH/ALLEGRO/pstxnet.dat 
   Finished reading E:/GitHub/39_CUITBIKE/v1.2/SCH/ALLEGRO/pstxnet.dat (00:00:00.00)

------ Oversights/Warnings/Errors ------


------ Library Paths ------
MODULEPATH =  . 
           D:/Cadence/SPB_16.6/share/local/pcb/modules 

PSMPATH =  E:/CADENCELIB/ALLEGRO/ 
           E:/CadenceLib/pad/ 
           . 
           symbols 
           .. 
           ../symbols 
           D:/Cadence/SPB_16.6/share/local/pcb/symbols 
           D:/Cadence/SPB_16.6/share/pcb/pcb_lib/symbols 
           D:/Cadence/SPB_16.6/share/pcb/allegrolib/symbols 
           F:/install/Candence/System_Footprint/sys_pcb/ 

PADPATH =  . 
           symbols 
           .. 
           ../symbols 
           D:/Cadence/SPB_16.6/share/local/pcb/padstacks 
           D:/Cadence/SPB_16.6/share/pcb/pcb_lib/symbols 
           D:/Cadence/SPB_16.6/share/pcb/allegrolib/symbols 
           E:/CadenceLib/pad/ 


------ Summary Statistics ------


netrev run on Nov 17 20:07:51 2016
   DESIGN NAME : 'CUITBIKE_V1_2'
   PACKAGING ON Feb 15 2016 19:53:59

   COMPILE 'logic'
   CHECK_PIN_NAMES OFF
   CROSS_REFERENCE OFF
   FEEDBACK OFF
   INCREMENTAL OFF
   INTERFACE_TYPE PHYSICAL
   MAX_ERRORS 500
   MERGE_MINIMUM 5
   NET_NAME_CHARS '#%&()*+-./:=>?@[]^_`|'
   NET_NAME_LENGTH 24
   OVERSIGHTS ON
   REPLACE_CHECK OFF
   SINGLE_NODE_NETS ON
   SPLIT_MINIMUM 0
   SUPPRESS   20
   WARNINGS ON

 No error detected
 No oversight detected
 No warning detected

cpu time      0:00:41
elapsed time  0:00:00

