Thu Nov 17 19:57:03 2016				Page     1


 
Update Symbols/Modules Logfile
	Thu Nov 17 19:57:03 2016

------ Module Refresh Messages ------

SUMMARY:    Updated 0 out of 0 modules

------ End Module Messages     ------



(---------------------------------------------------------------------)
(                                                                     )
(    Refresh Symbol                                                   )
(                                                                     )
(    Drawing          : CUITBIKE_V1.1_MSP430.brd                      )
(    Software Version : 16.6-2015S071                                 )
(    Date/Time        : Thu Nov 17 19:57:06 2016                      )
(                                                                     )
(---------------------------------------------------------------------)


Thu Nov 17 19:57:06 2016				Page     1


------ Symbol Refresh Directives ------

Input design  = 'E:/GitHub/39_CUITBIKE/v1.2/PCB/CUITBIKE_V1.1_MSP430.brd'
Output design = ''

Update mechanical symbols              = 'NO'
Update format symbols                  = 'NO'
Update package symbols                 = 'NO'
Update shape/flash symbols             = 'NO'
Update symbol padstacks                = 'NO'
Preserve padstacks replaced on pins    = 'NO'
Reset symbol text and size locations   = 'NO'
Reset Pin Escapes (fanouts)            = 'NO'
Ripup Etch                             = 'NO'
Reset custom drill data                = 'NO'
Symbol list file                       = 'C:/Users/HUIYUA~1/AppData/Local/Temp/#Taaaaax06324.tmp'


------ Library Paths ------
PSMPATH =  E:/CADENCELIB/ALLEGRO/ 
           E:/CadenceLib/pad/ 
           . 
           symbols 
           .. 
           ../symbols 
           D:/Cadence/SPB_16.6/share/local/pcb/symbols 
           D:/Cadence/SPB_16.6/share/pcb/pcb_lib/symbols 
           D:/Cadence/SPB_16.6/share/pcb/allegrolib/symbols 
           F:/install/Candence/System_Footprint/sys_pcb/ 

PADPATH =  . 
           symbols 
           .. 
           ../symbols 
           D:/Cadence/SPB_16.6/share/local/pcb/padstacks 
           D:/Cadence/SPB_16.6/share/pcb/pcb_lib/symbols 
           D:/Cadence/SPB_16.6/share/pcb/allegrolib/symbols 
           E:/CadenceLib/pad/ 


------ Symbol Refresh Messages ------

'JLX12864G-086'  symbol refreshed successfully.


----- Symbol Update Summary ----

Updated symbols: 1 out 1
    Design updated.

